<html>
<head>
<title>TestNG:  Surefire test</title>
<link href="../testng.css" rel="stylesheet" type="text/css" />
<link href="../my-testng.css" rel="stylesheet" type="text/css" />

<style type="text/css">
.log { display: none;} 
.stack-trace { display: none;} 
</style>
<script type="text/javascript">
<!--
function flip(e) {
  current = e.style.display;
  if (current == 'block') {
    e.style.display = 'none';
    return 0;
  }
  else {
    e.style.display = 'block';
    return 1;
  }
}

function toggleBox(szDivId, elem, msg1, msg2)
{
  var res = -1;  if (document.getElementById) {
    res = flip(document.getElementById(szDivId));
  }
  else if (document.all) {
    // this is the way old msie versions work
    res = flip(document.all[szDivId]);
  }
  if(elem) {
    if(res == 0) elem.innerHTML = msg1; else elem.innerHTML = msg2;
  }

}

function toggleAllBoxes() {
  if (document.getElementsByTagName) {
    d = document.getElementsByTagName('div');
    for (i = 0; i < d.length; i++) {
      if (d[i].className == 'log') {
        flip(d[i]);
      }
    }
  }
}

// -->
</script>

</head>
<body>
<h2 align='center'>Surefire test</h2><table border='1' align="center">
<tr>
<td>Tests passed/Failed/Skipped:</td><td>16/3/0</td>
</tr><tr>
<td>Started on:</td><td>Sun Sep 11 23:24:55 EET 2022</td>
</tr>
<tr><td>Total time:</td><td>176 seconds (176271 ms)</td>
</tr><tr>
<td>Included groups:</td><td></td>
</tr><tr>
<td>Excluded groups:</td><td></td>
</tr>
</table><p/>
<small><i>(Hover the method name to see the test class name)</i></small><p/>
<table width='100%' border='1' class='invocation-failed'>
<tr><td colspan='4' align='center'><b>FAILED TESTS</b></td></tr>
<tr><td><b>Test method</b></td>
<td width="30%"><b>Exception</b></td>
<td width="10%"><b>Time (seconds)</b></td>
<td><b>Instance</b></td>
</tr>
<tr>
<td title='org.example.TestRunners.Runner.runScenario()'><b>runScenario</b><br>Test class: org.example.TestRunners.Runner<br>Test method: Runs Cucumber Scenarios<br>Parameters: "Second slider is clickable to slider Nokia", "F06_Home Slider |user could see two slider on Home Page"</td>
<td><div><pre>java.lang.AssertionError: expected [https://demo.nopcommerce.com/iphone-6] but found [https://demo.nopcommerce.com/]
	at org.example.StepDefs.D06_homeSlidersStepDef.clickOnSecondSliderRedirect(D06_homeSlidersStepDef.java:52)
	at ?.click on second slide should be navigate to iphone url(file:///E:/study/Automation/Udacity-Ecommerce-Project%20-%20Copy/src/main/resources/Features/F06_homeSliders.feature:10)
... Removed 6 stack frames</pre></div><a href='#' onClick='toggleBox("stack-trace786036472", this, "Click to show all stack frames", "Click to hide stack frames")'>Click to show all stack frames</a>
<div class='stack-trace' id='stack-trace786036472'><pre>java.lang.AssertionError: expected [https://demo.nopcommerce.com/iphone-6] but found [https://demo.nopcommerce.com/]
	at org.testng.Assert.fail(Assert.java:110)
	at org.testng.Assert.failNotEquals(Assert.java:1413)
	at org.testng.Assert.assertEqualsImpl(Assert.java:149)
	at org.testng.Assert.assertEquals(Assert.java:131)
	at org.testng.Assert.assertEquals(Assert.java:655)
	at org.testng.Assert.assertEquals(Assert.java:665)
	at org.example.StepDefs.D06_homeSlidersStepDef.clickOnSecondSliderRedirect(D06_homeSlidersStepDef.java:52)
	at ?.click on second slide should be navigate to iphone url(file:///E:/study/Automation/Udacity-Ecommerce-Project%20-%20Copy/src/main/resources/Features/F06_homeSliders.feature:10)
</pre></div></td>
<td>9</td>
<td>org.example.TestRunners.Runner@1500955a</td></tr>
<tr>
<td title='org.example.TestRunners.Runner.runScenario()'><b>runScenario</b><br>Test class: org.example.TestRunners.Runner<br>Test method: Runs Cucumber Scenarios<br>Parameters: "first slider is clickable to slider Nokia", "F06_Home Slider |user could see two slider on Home Page"</td>
<td><div><pre>java.lang.AssertionError: expected [https://demo.nopcommerce.com/nokia-lumia-1020] but found [https://demo.nopcommerce.com/]
	at org.example.StepDefs.D06_homeSlidersStepDef.clickOnFirtSliderRedirect(D06_homeSlidersStepDef.java:30)
	at ?.click on first slide should be navigate to nokia url(file:///E:/study/Automation/Udacity-Ecommerce-Project%20-%20Copy/src/main/resources/Features/F06_homeSliders.feature:6)
... Removed 6 stack frames</pre></div><a href='#' onClick='toggleBox("stack-trace22690626", this, "Click to show all stack frames", "Click to hide stack frames")'>Click to show all stack frames</a>
<div class='stack-trace' id='stack-trace22690626'><pre>java.lang.AssertionError: expected [https://demo.nopcommerce.com/nokia-lumia-1020] but found [https://demo.nopcommerce.com/]
	at org.testng.Assert.fail(Assert.java:110)
	at org.testng.Assert.failNotEquals(Assert.java:1413)
	at org.testng.Assert.assertEqualsImpl(Assert.java:149)
	at org.testng.Assert.assertEquals(Assert.java:131)
	at org.testng.Assert.assertEquals(Assert.java:655)
	at org.testng.Assert.assertEquals(Assert.java:665)
	at org.example.StepDefs.D06_homeSlidersStepDef.clickOnFirtSliderRedirect(D06_homeSlidersStepDef.java:30)
	at ?.click on first slide should be navigate to nokia url(file:///E:/study/Automation/Udacity-Ecommerce-Project%20-%20Copy/src/main/resources/Features/F06_homeSliders.feature:6)
</pre></div></td>
<td>6</td>
<td>org.example.TestRunners.Runner@1500955a</td></tr>
<tr>
<td title='org.example.TestRunners.Runner.runScenario()'><b>runScenario</b><br>Test class: org.example.TestRunners.Runner<br>Test method: Runs Cucumber Scenarios<br>Parameters: "user opens rss link", "F07_followUs | users could open followUs links"</td>
<td><div><pre>java.lang.IndexOutOfBoundsException: Index: 1, Size: 1
	at java.util.ArrayList.rangeCheck(ArrayList.java:659)
	at java.util.ArrayList.get(ArrayList.java:435)
	at org.example.StepDefs.D07_followUsStepDef.verifyRssPageOpen(D07_followUsStepDef.java:65)
	at ?.verify that correct rss link is opened in new tab(file:///E:/study/Automation/Udacity-Ecommerce-Project%20-%20Copy/src/main/resources/Features/F07_followUs.feature:14)
</pre></div><a href='#' onClick='toggleBox("stack-trace417621837", this, "Click to show all stack frames", "Click to hide stack frames")'>Click to show all stack frames</a>
<div class='stack-trace' id='stack-trace417621837'><pre>java.lang.IndexOutOfBoundsException: Index: 1, Size: 1
	at java.util.ArrayList.rangeCheck(ArrayList.java:659)
	at java.util.ArrayList.get(ArrayList.java:435)
	at org.example.StepDefs.D07_followUsStepDef.verifyRssPageOpen(D07_followUsStepDef.java:65)
	at ?.verify that correct rss link is opened in new tab(file:///E:/study/Automation/Udacity-Ecommerce-Project%20-%20Copy/src/main/resources/Features/F07_followUs.feature:14)
</pre></div></td>
<td>6</td>
<td>org.example.TestRunners.Runner@1500955a</td></tr>
</table><p>
<table width='100%' border='1' class='invocation-passed'>
<tr><td colspan='4' align='center'><b>PASSED TESTS</b></td></tr>
<tr><td><b>Test method</b></td>
<td width="30%"><b>Exception</b></td>
<td width="10%"><b>Time (seconds)</b></td>
<td><b>Instance</b></td>
</tr>
<tr>
<td title='org.example.TestRunners.Runner.runScenario()'><b>runScenario</b><br>Test class: org.example.TestRunners.Runner<br>Test method: Runs Cucumber Scenarios<br>Parameters: "user add products on wishlist", "F08_Wishlist |user able to add products in home page to wishlist"</td>
<td></td>
<td>22</td>
<td>org.example.TestRunners.Runner@1500955a</td></tr>
<tr>
<td title='org.example.TestRunners.Runner.runScenario()'><b>runScenario</b><br>Test class: org.example.TestRunners.Runner<br>Test method: Runs Cucumber Scenarios<br>Parameters: "user opens youtube link", "F07_followUs | users could open followUs links"</td>
<td></td>
<td>11</td>
<td>org.example.TestRunners.Runner@1500955a</td></tr>
<tr>
<td title='org.example.TestRunners.Runner.runScenario()'><b>runScenario</b><br>Test class: org.example.TestRunners.Runner<br>Test method: Runs Cucumber Scenarios<br>Parameters: "user could search on product using SKU", "F04_Search | Search for products in homePage"</td>
<td></td>
<td>8</td>
<td>org.example.TestRunners.Runner@1500955a</td></tr>
<tr>
<td title='org.example.TestRunners.Runner.runScenario()'><b>runScenario</b><br>Test class: org.example.TestRunners.Runner<br>Test method: Runs Cucumber Scenarios<br>Parameters: "user add products on wishlist", "F08_Wishlist |user able to add products in home page to wishlist"</td>
<td></td>
<td>6</td>
<td>org.example.TestRunners.Runner@1500955a</td></tr>
<tr>
<td title='org.example.TestRunners.Runner.runScenario()'><b>runScenario</b><br>Test class: org.example.TestRunners.Runner<br>Test method: Runs Cucumber Scenarios<br>Parameters: "F03_Currencies |user couldselect euro currency", "select euro currency in home page"</td>
<td></td>
<td>6</td>
<td>org.example.TestRunners.Runner@1500955a</td></tr>
<tr>
<td title='org.example.TestRunners.Runner.runScenario()'><b>runScenario</b><br>Test class: org.example.TestRunners.Runner<br>Test method: Runs Cucumber Scenarios<br>Parameters: "guest user could register with valid data successfully", "F01_Register | users could register with new accounts"</td>
<td></td>
<td>12</td>
<td>org.example.TestRunners.Runner@1500955a</td></tr>
<tr>
<td title='org.example.TestRunners.Runner.runScenario()'><b>runScenario</b><br>Test class: org.example.TestRunners.Runner<br>Test method: Runs Cucumber Scenarios<br>Parameters: "user opens twitter link", "F07_followUs | users could open followUs links"</td>
<td></td>
<td>7</td>
<td>org.example.TestRunners.Runner@1500955a</td></tr>
<tr>
<td title='org.example.TestRunners.Runner.runScenario()'><b>runScenario</b><br>Test class: org.example.TestRunners.Runner<br>Test method: Runs Cucumber Scenarios<br>Parameters: "user could search using product nam", "F04_Search | Search for products in homePage"</td>
<td></td>
<td>6</td>
<td>org.example.TestRunners.Runner@1500955a</td></tr>
<tr>
<td title='org.example.TestRunners.Runner.runScenario()'><b>runScenario</b><br>Test class: org.example.TestRunners.Runner<br>Test method: Runs Cucumber Scenarios<br>Parameters: "user could search on product using SKU", "F04_Search | Search for products in homePage"</td>
<td></td>
<td>8</td>
<td>org.example.TestRunners.Runner@1500955a</td></tr>
<tr>
<td title='org.example.TestRunners.Runner.runScenario()'><b>runScenario</b><br>Test class: org.example.TestRunners.Runner<br>Test method: Runs Cucumber Scenarios<br>Parameters: "user could login with valid email and password", "F02_Login | users could use login functionality to use their accounts"</td>
<td></td>
<td>10</td>
<td>org.example.TestRunners.Runner@1500955a</td></tr>
<tr>
<td title='org.example.TestRunners.Runner.runScenario()'><b>runScenario</b><br>Test class: org.example.TestRunners.Runner<br>Test method: Runs Cucumber Scenarios<br>Parameters: "user opens facebook link", "F07_followUs | users could open followUs links"</td>
<td></td>
<td>8</td>
<td>org.example.TestRunners.Runner@1500955a</td></tr>
<tr>
<td title='org.example.TestRunners.Runner.runScenario()'><b>runScenario</b><br>Test class: org.example.TestRunners.Runner<br>Test method: Runs Cucumber Scenarios<br>Parameters: "select random one , hover on it then open one of subcategory", "F05_Hover Category |hover on one of main categories then click on sub category"</td>
<td></td>
<td>9</td>
<td>org.example.TestRunners.Runner@1500955a</td></tr>
<tr>
<td title='org.example.TestRunners.Runner.runScenario()'><b>runScenario</b><br>Test class: org.example.TestRunners.Runner<br>Test method: Runs Cucumber Scenarios<br>Parameters: "user could login with invalid email and password", "F02_Login | users could use login functionality to use their accounts"</td>
<td></td>
<td>11</td>
<td>org.example.TestRunners.Runner@1500955a</td></tr>
<tr>
<td title='org.example.TestRunners.Runner.runScenario()'><b>runScenario</b><br>Test class: org.example.TestRunners.Runner<br>Test method: Runs Cucumber Scenarios<br>Parameters: "user could search using product nam", "F04_Search | Search for products in homePage"</td>
<td></td>
<td>6</td>
<td>org.example.TestRunners.Runner@1500955a</td></tr>
<tr>
<td title='org.example.TestRunners.Runner.runScenario()'><b>runScenario</b><br>Test class: org.example.TestRunners.Runner<br>Test method: Runs Cucumber Scenarios<br>Parameters: "user could search on product using SKU", "F04_Search | Search for products in homePage"</td>
<td></td>
<td>8</td>
<td>org.example.TestRunners.Runner@1500955a</td></tr>
<tr>
<td title='org.example.TestRunners.Runner.runScenario()'><b>runScenario</b><br>Test class: org.example.TestRunners.Runner<br>Test method: Runs Cucumber Scenarios<br>Parameters: "user could search using product nam", "F04_Search | Search for products in homePage"</td>
<td></td>
<td>6</td>
<td>org.example.TestRunners.Runner@1500955a</td></tr>
</table><p>
</body>
</html>