<?xml version="1.0" encoding="UTF-8"?>
<!-- Generated by org.testng.reporters.JUnitReportReporter -->
<testsuite skipped="0" hostname="DESKTOP-9S5HL9B" name="org.example.TestRunners.Runner" tests="19" failures="2" timestamp="2022-09-11T23:27:51 EET" time="175.563" errors="1">
  <testcase name="runScenario" time="22.110" classname="org.example.TestRunners.Runner"/>
  <system-out/>
  <testcase name="runScenario" time="9.879" classname="org.example.TestRunners.Runner">
    <failure type="java.lang.AssertionError" message="expected [https://demo.nopcommerce.com/iphone-6] but found [https://demo.nopcommerce.com/]">
      <![CDATA[java.lang.AssertionError: expected [https://demo.nopcommerce.com/iphone-6] but found [https://demo.nopcommerce.com/]
at org.testng.Assert.fail(Assert.java:110)
at org.testng.Assert.failNotEquals(Assert.java:1413)
at org.testng.Assert.assertEqualsImpl(Assert.java:149)
at org.testng.Assert.assertEquals(Assert.java:131)
at org.testng.Assert.assertEquals(Assert.java:655)
at org.testng.Assert.assertEquals(Assert.java:665)
at org.example.StepDefs.D06_homeSlidersStepDef.clickOnSecondSliderRedirect(D06_homeSlidersStepDef.java:52)
at ✽.click on second slide should be navigate to iphone url(file:///E:/study/Automation/Udacity-Ecommerce-Project%20-%20Copy/src/main/resources/Features/F06_homeSliders.feature:10)
]]>
    </failure>
  </testcase> <!-- runScenario -->
  <system-out/>
  <testcase name="runScenario" time="11.399" classname="org.example.TestRunners.Runner"/>
  <system-out/>
  <testcase name="runScenario" time="8.661" classname="org.example.TestRunners.Runner"/>
  <system-out/>
  <testcase name="runScenario" time="6.574" classname="org.example.TestRunners.Runner"/>
  <system-out/>
  <testcase name="runScenario" time="6.814" classname="org.example.TestRunners.Runner"/>
  <system-out/>
  <testcase name="runScenario" time="6.616" classname="org.example.TestRunners.Runner">
    <error type="java.lang.IndexOutOfBoundsException" message="Index: 1, Size: 1">
      <![CDATA[java.lang.IndexOutOfBoundsException: Index: 1, Size: 1
at java.util.ArrayList.rangeCheck(ArrayList.java:659)
at java.util.ArrayList.get(ArrayList.java:435)
at org.example.StepDefs.D07_followUsStepDef.verifyRssPageOpen(D07_followUsStepDef.java:65)
at ✽.verify that correct rss link is opened in new tab(file:///E:/study/Automation/Udacity-Ecommerce-Project%20-%20Copy/src/main/resources/Features/F07_followUs.feature:14)
]]>
    </error>
  </testcase> <!-- runScenario -->
  <system-out/>
  <testcase name="runScenario" time="12.652" classname="org.example.TestRunners.Runner"/>
  <system-out/>
  <testcase name="runScenario" time="7.564" classname="org.example.TestRunners.Runner"/>
  <system-out/>
  <testcase name="runScenario" time="6.755" classname="org.example.TestRunners.Runner"/>
  <system-out/>
  <testcase name="runScenario" time="8.153" classname="org.example.TestRunners.Runner"/>
  <system-out/>
  <testcase name="runScenario" time="10.683" classname="org.example.TestRunners.Runner"/>
  <system-out/>
  <testcase name="runScenario" time="8.247" classname="org.example.TestRunners.Runner"/>
  <system-out/>
  <testcase name="runScenario" time="9.384" classname="org.example.TestRunners.Runner"/>
  <system-out/>
  <testcase name="runScenario" time="11.448" classname="org.example.TestRunners.Runner"/>
  <system-out/>
  <testcase name="runScenario" time="6.969" classname="org.example.TestRunners.Runner"/>
  <system-out/>
  <testcase name="runScenario" time="6.544" classname="org.example.TestRunners.Runner">
    <failure type="java.lang.AssertionError" message="expected [https://demo.nopcommerce.com/nokia-lumia-1020] but found [https://demo.nopcommerce.com/]">
      <![CDATA[java.lang.AssertionError: expected [https://demo.nopcommerce.com/nokia-lumia-1020] but found [https://demo.nopcommerce.com/]
at org.testng.Assert.fail(Assert.java:110)
at org.testng.Assert.failNotEquals(Assert.java:1413)
at org.testng.Assert.assertEqualsImpl(Assert.java:149)
at org.testng.Assert.assertEquals(Assert.java:131)
at org.testng.Assert.assertEquals(Assert.java:655)
at org.testng.Assert.assertEquals(Assert.java:665)
at org.example.StepDefs.D06_homeSlidersStepDef.clickOnFirtSliderRedirect(D06_homeSlidersStepDef.java:30)
at ✽.click on first slide should be navigate to nokia url(file:///E:/study/Automation/Udacity-Ecommerce-Project%20-%20Copy/src/main/resources/Features/F06_homeSliders.feature:6)
]]>
    </failure>
  </testcase> <!-- runScenario -->
  <system-out/>
  <testcase name="runScenario" time="8.269" classname="org.example.TestRunners.Runner"/>
  <system-out/>
  <testcase name="runScenario" time="6.842" classname="org.example.TestRunners.Runner"/>
  <system-out/>
</testsuite> <!-- org.example.TestRunners.Runner -->
